<?xml version="1.0" encoding="UTF-8"?>
<!-- Generated by org.testng.reporters.JUnitReportReporter -->
<testsuite skipped="0" hostname="Lenovo-PC" name="packAA.AA" tests="2" failures="0" timestamp="11 Feb 2019 15:08:01 GMT" time="0.009" errors="0">
  <testcase name="testCaseTwo" time="0.001" classname="packAA.AA"/>
  <testcase name="testCaseOne" time="0.008" classname="packAA.AA"/>
</testsuite> <!-- packAA.AA -->
