<?xml version="1.0" encoding="UTF-8"?>
<!-- Generated by org.testng.reporters.JUnitReportReporter -->
<testsuite skipped="0" hostname="Lenovo-PC" name="packAA.BB" tests="2" failures="0" timestamp="11 Feb 2019 15:08:01 GMT" time="0.001" errors="0">
  <testcase name="testCaseThree" time="0.001" classname="packAA.BB"/>
  <testcase name="testCaseFour" time="0.000" classname="packAA.BB"/>
</testsuite> <!-- packAA.BB -->
