<?xml version="1.0" encoding="UTF-8"?>
<!-- Generated by org.testng.reporters.JUnitReportReporter -->
<testsuite skipped="0" hostname="GIRISH-PC" name="packAAA.AAA" tests="2" failures="0" timestamp="12 Feb 2019 08:35:13 GMT" time="0.019" errors="0">
  <testcase name="testCaseFive" time="0.016" classname="packAAA.AAA"/>
  <testcase name="testCaseSix" time="0.003" classname="packAAA.AAA"/>
</testsuite> <!-- packAAA.AAA -->
